<?xml version="1.0" encoding="UTF-8"?>
<testng-results skipped="0" failed="0" total="1" passed="1">
  <reporter-output>
  </reporter-output>
  <suite name="Default suite" duration-ms="25143" started-at="2018-06-11T03:47:26Z" finished-at="2018-06-11T03:47:51Z">
    <groups>
    </groups>
    <test name="Default test" duration-ms="25143" started-at="2018-06-11T03:47:26Z" finished-at="2018-06-11T03:47:51Z">
      <class name="interface_test.interface_test.DrawTest2">
        <test-method status="PASS" signature="testLottery()[pri:0, instance:interface_test.interface_test.DrawTest2@10bea4]" name="testLottery" duration-ms="25102" started-at="2018-06-11T11:47:26Z" finished-at="2018-06-11T11:47:51Z">
          <reporter-output>
          </reporter-output>
        </test-method> <!-- testLottery -->
      </class> <!-- interface_test.interface_test.DrawTest2 -->
    </test> <!-- Default test -->
  </suite> <!-- Default suite -->
</testng-results>
