<?xml version="1.0" encoding="UTF-8"?>
<testng-results skipped="3" failed="1" total="4" passed="0">
  <reporter-output>
  </reporter-output>
  <suite name="Default suite" duration-ms="18684" started-at="2017-03-27T07:50:38Z" finished-at="2017-03-27T07:50:57Z">
    <groups>
    </groups>
    <test name="Default test" duration-ms="18684" started-at="2017-03-27T07:50:38Z" finished-at="2017-03-27T07:50:57Z">
      <class name="Com.Selenium_Contacts.Test.TestLabel">
        <test-method status="PASS" signature="setUp()[pri:0, instance:Com.Selenium_Contacts.Test.TestLabel@1593948d]" name="setUp" is-config="true" duration-ms="4112" started-at="2017-03-27T15:50:34Z" finished-at="2017-03-27T15:50:38Z">
          <reporter-output>
          </reporter-output>
        </test-method> <!-- setUp -->
        <test-method status="PASS" signature="getHomePage()[pri:0, instance:Com.Selenium_Contacts.Test.TestLabel@1593948d]" name="getHomePage" is-config="true" duration-ms="3557" started-at="2017-03-27T15:50:38Z" finished-at="2017-03-27T15:50:42Z">
          <reporter-output>
          </reporter-output>
        </test-method> <!-- getHomePage -->
        <test-method status="FAIL" signature="testAddLabel()[pri:0, instance:Com.Selenium_Contacts.Test.TestLabel@1593948d]" name="testAddLabel" duration-ms="15100" started-at="2017-03-27T15:50:42Z" finished-at="2017-03-27T15:50:57Z">
          <exception class="org.openqa.selenium.NoSuchElementException">
            <message>
              <![CDATA[Unable to locate element: //*[@class='side-inner contact-silde']/ul/li[2]/h3/a
For documentation on this error, please visit: http://seleniumhq.org/exceptions/no_such_element.html
Build info: version: '3.0.1', revision: '1969d75', time: '2016-10-18 09:49:13 -0700'
System info: host: 'lenovo-PC', ip: '10.0.51.42', os.name: 'Windows 7', os.arch: 'amd64', os.version: '6.1', java.version: '1.8.0_91'
Driver info: org.openqa.selenium.firefox.FirefoxDriver
Capabilities [{moz:profile=C:\Users\lenovo\AppData\Local\Temp\rust_mozprofile.KJFWS7ga5ctP, rotatable=false, timeouts={implicit=0, page load=300000, script=30000}, pageLoadStrategy=normal, platform=ANY, specificationLevel=0, moz:accessibilityChecks=false, acceptInsecureCerts=false, browserVersion=52.0.1, platformVersion=6.1, moz:processID=11004, browserName=firefox, platformName=windows_nt}]
Session ID: 2800e02f-73dd-44c5-90d7-12ae01b2ed48
*** Element info: {Using=xpath, value=//*[@class='side-inner contact-silde']/ul/li[2]/h3/a}]]>
            </message>
            <full-stacktrace>
              <![CDATA[org.openqa.selenium.NoSuchElementException: Unable to locate element: //*[@class='side-inner contact-silde']/ul/li[2]/h3/a
For documentation on this error, please visit: http://seleniumhq.org/exceptions/no_such_element.html
Build info: version: '3.0.1', revision: '1969d75', time: '2016-10-18 09:49:13 -0700'
System info: host: 'lenovo-PC', ip: '10.0.51.42', os.name: 'Windows 7', os.arch: 'amd64', os.version: '6.1', java.version: '1.8.0_91'
Driver info: org.openqa.selenium.firefox.FirefoxDriver
Capabilities [{moz:profile=C:\Users\lenovo\AppData\Local\Temp\rust_mozprofile.KJFWS7ga5ctP, rotatable=false, timeouts={implicit=0, page load=300000, script=30000}, pageLoadStrategy=normal, platform=ANY, specificationLevel=0, moz:accessibilityChecks=false, acceptInsecureCerts=false, browserVersion=52.0.1, platformVersion=6.1, moz:processID=11004, browserName=firefox, platformName=windows_nt}]
Session ID: 2800e02f-73dd-44c5-90d7-12ae01b2ed48
*** Element info: {Using=xpath, value=//*[@class='side-inner contact-silde']/ul/li[2]/h3/a}
	at sun.reflect.NativeConstructorAccessorImpl.newInstance0(Native Method)
	at sun.reflect.NativeConstructorAccessorImpl.newInstance(Unknown Source)
	at sun.reflect.DelegatingConstructorAccessorImpl.newInstance(Unknown Source)
	at java.lang.reflect.Constructor.newInstance(Unknown Source)
	at org.openqa.selenium.remote.http.W3CHttpResponseCodec.createException(W3CHttpResponseCodec.java:127)
	at org.openqa.selenium.remote.http.W3CHttpResponseCodec.decode(W3CHttpResponseCodec.java:93)
	at org.openqa.selenium.remote.http.W3CHttpResponseCodec.decode(W3CHttpResponseCodec.java:42)
	at org.openqa.selenium.remote.HttpCommandExecutor.execute(HttpCommandExecutor.java:163)
	at org.openqa.selenium.remote.service.DriverCommandExecutor.execute(DriverCommandExecutor.java:82)
	at org.openqa.selenium.remote.RemoteWebDriver.execute(RemoteWebDriver.java:601)
	at org.openqa.selenium.remote.RemoteWebDriver.findElement(RemoteWebDriver.java:368)
	at org.openqa.selenium.remote.RemoteWebDriver.findElementByXPath(RemoteWebDriver.java:473)
	at org.openqa.selenium.By$ByXPath.findElement(By.java:361)
	at org.openqa.selenium.remote.RemoteWebDriver.findElement(RemoteWebDriver.java:360)
	at org.openqa.selenium.support.pagefactory.DefaultElementLocator.findElement(DefaultElementLocator.java:69)
	at org.openqa.selenium.support.pagefactory.internal.LocatingElementHandler.invoke(LocatingElementHandler.java:38)
	at com.sun.proxy.$Proxy8.click(Unknown Source)
	at Com.Selenium_Contacts.Pages.AbstractPage.clickLabelManagementBar(AbstractPage.java:56)
	at Com.Selenium_Contacts.Test.TestLabel.testAddLabel(TestLabel.java:28)
	at sun.reflect.NativeMethodAccessorImpl.invoke0(Native Method)
	at sun.reflect.NativeMethodAccessorImpl.invoke(Unknown Source)
	at sun.reflect.DelegatingMethodAccessorImpl.invoke(Unknown Source)
	at java.lang.reflect.Method.invoke(Unknown Source)
	at org.testng.internal.MethodInvocationHelper.invokeMethod(MethodInvocationHelper.java:86)
	at org.testng.internal.Invoker.invokeMethod(Invoker.java:643)
	at org.testng.internal.Invoker.invokeTestMethod(Invoker.java:820)
	at org.testng.internal.Invoker.invokeTestMethods(Invoker.java:1128)
	at org.testng.internal.TestMethodWorker.invokeTestMethods(TestMethodWorker.java:129)
	at org.testng.internal.TestMethodWorker.run(TestMethodWorker.java:112)
	at org.testng.TestRunner.privateRun(TestRunner.java:782)
	at org.testng.TestRunner.run(TestRunner.java:632)
	at org.testng.SuiteRunner.runTest(SuiteRunner.java:366)
	at org.testng.SuiteRunner.runSequentially(SuiteRunner.java:361)
	at org.testng.SuiteRunner.privateRun(SuiteRunner.java:319)
	at org.testng.SuiteRunner.run(SuiteRunner.java:268)
	at org.testng.SuiteRunnerWorker.runSuite(SuiteRunnerWorker.java:52)
	at org.testng.SuiteRunnerWorker.run(SuiteRunnerWorker.java:86)
	at org.testng.TestNG.runSuitesSequentially(TestNG.java:1244)
	at org.testng.TestNG.runSuitesLocally(TestNG.java:1169)
	at org.testng.TestNG.run(TestNG.java:1064)
	at org.testng.remote.AbstractRemoteTestNG.run(AbstractRemoteTestNG.java:126)
	at org.testng.remote.RemoteTestNG.initAndRun(RemoteTestNG.java:137)
	at org.testng.remote.RemoteTestNG.main(RemoteTestNG.java:58)
]]>
            </full-stacktrace>
          </exception> <!-- org.openqa.selenium.NoSuchElementException -->
          <reporter-output>
          </reporter-output>
        </test-method> <!-- testAddLabel -->
        <test-method status="SKIP" signature="testBatchDelLabel()[pri:0, instance:Com.Selenium_Contacts.Test.TestLabel@1593948d]" name="testBatchDelLabel" duration-ms="0" started-at="2017-03-27T15:50:57Z" depends-on-methods="Com.Selenium_Contacts.Test.TestLabel.testAddLabel" finished-at="2017-03-27T15:50:57Z">
          <exception class="java.lang.Throwable">
            <message>
              <![CDATA[Method TestLabel.testBatchDelLabel()[pri:0, instance:Com.Selenium_Contacts.Test.TestLabel@1593948d] depends on not successfully finished methods]]>
            </message>
            <full-stacktrace>
              <![CDATA[java.lang.Throwable: Method TestLabel.testBatchDelLabel()[pri:0, instance:Com.Selenium_Contacts.Test.TestLabel@1593948d] depends on not successfully finished methods
	at org.testng.internal.Invoker.invokeTestMethods(Invoker.java:1037)
	at org.testng.internal.TestMethodWorker.invokeTestMethods(TestMethodWorker.java:129)
	at org.testng.internal.TestMethodWorker.run(TestMethodWorker.java:112)
	at org.testng.TestRunner.privateRun(TestRunner.java:782)
	at org.testng.TestRunner.run(TestRunner.java:632)
	at org.testng.SuiteRunner.runTest(SuiteRunner.java:366)
	at org.testng.SuiteRunner.runSequentially(SuiteRunner.java:361)
	at org.testng.SuiteRunner.privateRun(SuiteRunner.java:319)
	at org.testng.SuiteRunner.run(SuiteRunner.java:268)
	at org.testng.SuiteRunnerWorker.runSuite(SuiteRunnerWorker.java:52)
	at org.testng.SuiteRunnerWorker.run(SuiteRunnerWorker.java:86)
	at org.testng.TestNG.runSuitesSequentially(TestNG.java:1244)
	at org.testng.TestNG.runSuitesLocally(TestNG.java:1169)
	at org.testng.TestNG.run(TestNG.java:1064)
	at org.testng.remote.AbstractRemoteTestNG.run(AbstractRemoteTestNG.java:126)
	at org.testng.remote.RemoteTestNG.initAndRun(RemoteTestNG.java:137)
	at org.testng.remote.RemoteTestNG.main(RemoteTestNG.java:58)
]]>
            </full-stacktrace>
          </exception> <!-- java.lang.Throwable -->
          <reporter-output>
          </reporter-output>
        </test-method> <!-- testBatchDelLabel -->
        <test-method status="SKIP" signature="testEnableOrDisableLabel()[pri:0, instance:Com.Selenium_Contacts.Test.TestLabel@1593948d]" name="testEnableOrDisableLabel" duration-ms="0" started-at="2017-03-27T15:50:57Z" depends-on-methods="Com.Selenium_Contacts.Test.TestLabel.testAddLabel" finished-at="2017-03-27T15:50:57Z">
          <exception class="java.lang.Throwable">
            <message>
              <![CDATA[Method TestLabel.testEnableOrDisableLabel()[pri:0, instance:Com.Selenium_Contacts.Test.TestLabel@1593948d] depends on not successfully finished methods]]>
            </message>
            <full-stacktrace>
              <![CDATA[java.lang.Throwable: Method TestLabel.testEnableOrDisableLabel()[pri:0, instance:Com.Selenium_Contacts.Test.TestLabel@1593948d] depends on not successfully finished methods
	at org.testng.internal.Invoker.invokeTestMethods(Invoker.java:1037)
	at org.testng.internal.TestMethodWorker.invokeTestMethods(TestMethodWorker.java:129)
	at org.testng.internal.TestMethodWorker.run(TestMethodWorker.java:112)
	at org.testng.TestRunner.privateRun(TestRunner.java:782)
	at org.testng.TestRunner.run(TestRunner.java:632)
	at org.testng.SuiteRunner.runTest(SuiteRunner.java:366)
	at org.testng.SuiteRunner.runSequentially(SuiteRunner.java:361)
	at org.testng.SuiteRunner.privateRun(SuiteRunner.java:319)
	at org.testng.SuiteRunner.run(SuiteRunner.java:268)
	at org.testng.SuiteRunnerWorker.runSuite(SuiteRunnerWorker.java:52)
	at org.testng.SuiteRunnerWorker.run(SuiteRunnerWorker.java:86)
	at org.testng.TestNG.runSuitesSequentially(TestNG.java:1244)
	at org.testng.TestNG.runSuitesLocally(TestNG.java:1169)
	at org.testng.TestNG.run(TestNG.java:1064)
	at org.testng.remote.AbstractRemoteTestNG.run(AbstractRemoteTestNG.java:126)
	at org.testng.remote.RemoteTestNG.initAndRun(RemoteTestNG.java:137)
	at org.testng.remote.RemoteTestNG.main(RemoteTestNG.java:58)
]]>
            </full-stacktrace>
          </exception> <!-- java.lang.Throwable -->
          <reporter-output>
          </reporter-output>
        </test-method> <!-- testEnableOrDisableLabel -->
        <test-method status="SKIP" signature="testSearchLabel()[pri:0, instance:Com.Selenium_Contacts.Test.TestLabel@1593948d]" name="testSearchLabel" duration-ms="0" started-at="2017-03-27T15:50:57Z" depends-on-methods="Com.Selenium_Contacts.Test.TestLabel.testAddLabel" finished-at="2017-03-27T15:50:57Z">
          <exception class="java.lang.Throwable">
            <message>
              <![CDATA[Method TestLabel.testSearchLabel()[pri:0, instance:Com.Selenium_Contacts.Test.TestLabel@1593948d] depends on not successfully finished methods]]>
            </message>
            <full-stacktrace>
              <![CDATA[java.lang.Throwable: Method TestLabel.testSearchLabel()[pri:0, instance:Com.Selenium_Contacts.Test.TestLabel@1593948d] depends on not successfully finished methods
	at org.testng.internal.Invoker.invokeTestMethods(Invoker.java:1037)
	at org.testng.internal.TestMethodWorker.invokeTestMethods(TestMethodWorker.java:129)
	at org.testng.internal.TestMethodWorker.run(TestMethodWorker.java:112)
	at org.testng.TestRunner.privateRun(TestRunner.java:782)
	at org.testng.TestRunner.run(TestRunner.java:632)
	at org.testng.SuiteRunner.runTest(SuiteRunner.java:366)
	at org.testng.SuiteRunner.runSequentially(SuiteRunner.java:361)
	at org.testng.SuiteRunner.privateRun(SuiteRunner.java:319)
	at org.testng.SuiteRunner.run(SuiteRunner.java:268)
	at org.testng.SuiteRunnerWorker.runSuite(SuiteRunnerWorker.java:52)
	at org.testng.SuiteRunnerWorker.run(SuiteRunnerWorker.java:86)
	at org.testng.TestNG.runSuitesSequentially(TestNG.java:1244)
	at org.testng.TestNG.runSuitesLocally(TestNG.java:1169)
	at org.testng.TestNG.run(TestNG.java:1064)
	at org.testng.remote.AbstractRemoteTestNG.run(AbstractRemoteTestNG.java:126)
	at org.testng.remote.RemoteTestNG.initAndRun(RemoteTestNG.java:137)
	at org.testng.remote.RemoteTestNG.main(RemoteTestNG.java:58)
]]>
            </full-stacktrace>
          </exception> <!-- java.lang.Throwable -->
          <reporter-output>
          </reporter-output>
        </test-method> <!-- testSearchLabel -->
        <test-method status="PASS" signature="tearDown()[pri:0, instance:Com.Selenium_Contacts.Test.TestLabel@1593948d]" name="tearDown" is-config="true" duration-ms="3384" started-at="2017-03-27T15:50:57Z" finished-at="2017-03-27T15:51:00Z">
          <reporter-output>
          </reporter-output>
        </test-method> <!-- tearDown -->
      </class> <!-- Com.Selenium_Contacts.Test.TestLabel -->
    </test> <!-- Default test -->
  </suite> <!-- Default suite -->
</testng-results>
