<?xml version="1.0" encoding="UTF-8"?>
<!-- Generated by org.testng.reporters.JUnitXMLReporter -->
<testsuite hostname="lenovo-PC" name="TestContacts" tests="12" failures="0" timestamp="22 Dec 2016 10:03:29 GMT" time="0.058" errors="0">
  <testcase name="@BeforeTest getHomePage" time="0.0" classname="Com.Selenium_Contacts.Test.TestGroup">
    <failure type="java.lang.NullPointerException">
      <![CDATA[java.lang.NullPointerException
	at Com.Selenium_Contacts.Test.TestGroup.getHomePage(TestGroup.java:17)
... Removed 22 stack frames]]>
    </failure>
  </testcase> <!-- @BeforeTest getHomePage -->
  <testcase name="@BeforeTest getHomePage" time="0.0" classname="Com.Selenium_Contacts.Test.TestGroup">
    <skipped/>
  </testcase> <!-- @BeforeTest getHomePage -->
  <testcase name="@BeforeTest getHome" time="0.0" classname="Com.Selenium_Contacts.Test.TestGroup">
    <skipped/>
  </testcase> <!-- @BeforeTest getHome -->
  <testcase name="@BeforeTest getHomePage" time="0.0" classname="Com.Selenium_Contacts.Test.TestGroup">
    <skipped/>
  </testcase> <!-- @BeforeTest getHomePage -->
  <testcase name="testSideBar" time="0.002" classname="Com.Selenium_Contacts.Test.TestSiderBar">
    <skipped/>
  </testcase> <!-- testSideBar -->
  <testcase name="testAddGroup" time="0.0" classname="Com.Selenium_Contacts.Test.TestGroup">
    <skipped/>
  </testcase> <!-- testAddGroup -->
  <testcase name="testAddNextGroup" time="0.0" classname="Com.Selenium_Contacts.Test.TestGroup">
    <skipped/>
  </testcase> <!-- testAddNextGroup -->
  <testcase name="testDelGroup" time="0.0" classname="Com.Selenium_Contacts.Test.TestGroup">
    <skipped/>
  </testcase> <!-- testDelGroup -->
  <testcase name="testRenameGroup" time="0.0" classname="Com.Selenium_Contacts.Test.TestGroup">
    <skipped/>
  </testcase> <!-- testRenameGroup -->
  <testcase name="testAddLabel" time="0.001" classname="Com.Selenium_Contacts.Test.TestLabel">
    <skipped/>
  </testcase> <!-- testAddLabel -->
  <testcase name="testBatchDelLabel" time="0.0" classname="Com.Selenium_Contacts.Test.TestLabel">
    <skipped/>
  </testcase> <!-- testBatchDelLabel -->
  <testcase name="testEnableOrDisableLabel" time="0.0" classname="Com.Selenium_Contacts.Test.TestLabel">
    <skipped/>
  </testcase> <!-- testEnableOrDisableLabel -->
  <testcase name="testSearchLabel" time="0.0" classname="Com.Selenium_Contacts.Test.TestLabel">
    <skipped/>
  </testcase> <!-- testSearchLabel -->
  <testcase name="testAddProperty" time="0.001" classname="Com.Selenium_Contacts.Test.TestProperty">
    <skipped/>
  </testcase> <!-- testAddProperty -->
  <testcase name="testCheckProperty" time="0.0" classname="Com.Selenium_Contacts.Test.TestProperty">
    <skipped/>
  </testcase> <!-- testCheckProperty -->
  <testcase name="testDelProperty" time="0.0" classname="Com.Selenium_Contacts.Test.TestProperty">
    <skipped/>
  </testcase> <!-- testDelProperty -->
</testsuite> <!-- TestContacts -->
