<?xml version="1.0" encoding="UTF-8"?>
<!-- Generated by org.testng.reporters.JUnitXMLReporter -->
<testsuite hostname="lenovo-PC" name="TestSiderBar" tests="1" failures="1" timestamp="27 Mar 2017 07:44:39 GMT" time="2.575" errors="0">
  <testcase name="testSideBar" time="0.034" classname="Com.Selenium_Contacts.Test.TestSiderBar">
    <failure type="java.lang.AssertionError" message="expected:&amp;lt;通讯录&amp;gt; but was:&amp;lt;企业信息服务平台&amp;gt;">
      <![CDATA[java.lang.AssertionError: expected:<通讯录> but was:<企业信息服务平台>
	at Com.Selenium_Contacts.Test.TestSiderBar.testSideBar(TestSiderBar.java:26)
... Removed 26 stack frames]]>
    </failure>
  </testcase> <!-- testSideBar -->
</testsuite> <!-- TestSiderBar -->
