<?xml version="1.0" encoding="UTF-8"?>
<testng-results skipped="0" failed="0" total="1" passed="1">
  <reporter-output>
  </reporter-output>
  <suite name="Default suite" duration-ms="11170" started-at="2017-12-06T11:00:44Z" finished-at="2017-12-06T11:00:55Z">
    <groups>
    </groups>
    <test name="Default test" duration-ms="11170" started-at="2017-12-06T11:00:44Z" finished-at="2017-12-06T11:00:55Z">
      <class name="web_automation.web_automation.baiduSearch">
        <test-method status="PASS" signature="run()[pri:0, instance:web_automation.web_automation.baiduSearch@243c4f91]" name="run" duration-ms="11156" started-at="2017-12-06T19:00:44Z" finished-at="2017-12-06T19:00:55Z">
          <reporter-output>
          </reporter-output>
        </test-method> <!-- run -->
      </class> <!-- web_automation.web_automation.baiduSearch -->
    </test> <!-- Default test -->
  </suite> <!-- Default suite -->
</testng-results>
