<?xml version="1.0" encoding="UTF-8"?>
<testng-results skipped="0" failed="0" total="1" passed="1">
  <reporter-output>
  </reporter-output>
  <suite name="Default suite" duration-ms="89675" started-at="2017-07-13T07:27:45Z" finished-at="2017-07-13T07:29:14Z">
    <groups>
    </groups>
    <test name="Default test" duration-ms="89675" started-at="2017-07-13T07:27:45Z" finished-at="2017-07-13T07:29:14Z">
      <class name="pers.biao.mingyi_automation.run.TestSuite">
        <test-method status="PASS" signature="getDriver()[pri:0, instance:pers.biao.mingyi_automation.run.TestSuite@1139b2f3]" name="getDriver" is-config="true" duration-ms="8754" started-at="2017-07-13T15:27:36Z" finished-at="2017-07-13T15:27:45Z">
          <reporter-output>
          </reporter-output>
        </test-method> <!-- getDriver -->
        <test-method status="PASS" signature="setUp()[pri:0, instance:pers.biao.mingyi_automation.run.TestSuite@1139b2f3]" name="setUp" is-config="true" duration-ms="892" started-at="2017-07-13T15:27:45Z" finished-at="2017-07-13T15:27:46Z">
          <reporter-output>
          </reporter-output>
        </test-method> <!-- setUp -->
        <test-method status="PASS" signature="runTest()[pri:0, instance:pers.biao.mingyi_automation.run.TestSuite@1139b2f3]" name="runTest" duration-ms="88757" started-at="2017-07-13T15:27:46Z" finished-at="2017-07-13T15:29:14Z">
          <reporter-output>
          </reporter-output>
        </test-method> <!-- runTest -->
        <test-method status="PASS" signature="testNotification()[pri:0, instance:pers.biao.mingyi_automation.run.TestSuite@1139b2f3]" name="testNotification" is-config="true" duration-ms="1" started-at="2017-07-13T15:29:14Z" finished-at="2017-07-13T15:29:14Z">
          <reporter-output>
          </reporter-output>
        </test-method> <!-- testNotification -->
        <test-method status="PASS" signature="tearDown()[pri:0, instance:pers.biao.mingyi_automation.run.TestSuite@1139b2f3]" name="tearDown" is-config="true" duration-ms="6737" started-at="2017-07-13T15:29:14Z" finished-at="2017-07-13T15:29:21Z">
          <reporter-output>
          </reporter-output>
        </test-method> <!-- tearDown -->
      </class> <!-- pers.biao.mingyi_automation.run.TestSuite -->
    </test> <!-- Default test -->
  </suite> <!-- Default suite -->
</testng-results>
